<result><value name="user">Paul</value></result>
